#
# There is insufficient memory for the Java Runtime Environment to continue.
# Native memory allocation (malloc) failed to allocate 238576 bytes for Chunk::new
# Possible reasons:
#   The system is out of physical RAM or swap space
#   In 32 bit mode, the process size limit was hit
# Possible solutions:
#   Reduce memory load on the system
#   Increase physical memory or swap space
#   Check if swap backing store is full
#   Use 64 bit Java on a 64 bit OS
#   Decrease Java heap size (-Xmx/-Xms)
#   Decrease number of Java threads
#   Decrease Java thread stack sizes (-Xss)
#   Set larger code cache with -XX:ReservedCodeCacheSize=
# This output file may be truncated or incomplete.
#
#  Out of Memory Error (allocation.cpp:390), pid=2580, tid=0x00000000000034b0
#
# JRE version: Java(TM) SE Runtime Environment (8.0_181-b13) (build 1.8.0_181-b13)
# Java VM: Java HotSpot(TM) 64-Bit Server VM (25.181-b13 mixed mode windows-amd64 compressed oops)
# Failed to write core dump. Minidumps are not enabled by default on client versions of Windows
#

---------------  T H R E A D  ---------------

Current thread (0x0000000019ad7000):  JavaThread "C2 CompilerThread2" daemon [_thread_in_native, id=13488, stack(0x000000001a4a0000,0x000000001a5a0000)]

Stack: [0x000000001a4a0000,0x000000001a5a0000]
[error occurred during error reporting (printing stack bounds), id 0xc0000005]

Native frames: (J=compiled Java code, j=interpreted, Vv=VM code, C=native code)


Current CompileTask:
C2:  14617 1621   !   4       java.net.URL::<init> (543 bytes)


---------------  P R O C E S S  ---------------

Java Threads: ( => current thread )
  0x0000000019c69000 JavaThread "ForkJoinPool.commonPool-worker-4" daemon [_thread_blocked, id=15408, stack(0x000000001dab0000,0x000000001dbb0000)]
  0x0000000019c6b000 JavaThread "ForkJoinPool.commonPool-worker-3" daemon [_thread_blocked, id=17336, stack(0x000000001d9b0000,0x000000001dab0000)]
  0x0000000019c67800 JavaThread "ForkJoinPool.commonPool-worker-2" daemon [_thread_blocked, id=18280, stack(0x000000001d8b0000,0x000000001d9b0000)]
  0x000000001ad90000 JavaThread "ForkJoinPool.commonPool-worker-1" daemon [_thread_blocked, id=9456, stack(0x000000001d7b0000,0x000000001d8b0000)]
  0x000000001ad8d800 JavaThread "Exec Stream Pumper" daemon [_thread_in_native, id=2940, stack(0x000000001d6b0000,0x000000001d7b0000)]
  0x000000001ad8c800 JavaThread "Exec Stream Pumper" daemon [_thread_in_native, id=17652, stack(0x000000001d5b0000,0x000000001d6b0000)]
  0x000000001b743000 JavaThread "Exec Default Executor" daemon [_thread_in_native, id=10596, stack(0x000000001cfb0000,0x000000001d0b0000)]
  0x000000001aff3800 JavaThread "Okio Watchdog" daemon [_thread_blocked, id=3708, stack(0x000000001d4b0000,0x000000001d5b0000)]
  0x000000001aff2800 JavaThread "OkHttp ConnectionPool" daemon [_thread_blocked, id=13476, stack(0x000000001d2b0000,0x000000001d3b0000)]
  0x000000001afd4000 JavaThread "Exec Stream Pumper" daemon [_thread_in_native, id=5124, stack(0x000000001ceb0000,0x000000001cfb0000)]
  0x000000001afd3000 JavaThread "Exec Stream Pumper" daemon [_thread_in_native, id=13316, stack(0x000000001cdb0000,0x000000001ceb0000)]
  0x000000001afd5000 JavaThread "UrlChecker-2" daemon [_thread_blocked, id=12424, stack(0x000000001ccb0000,0x000000001cdb0000)]
  0x000000001b650800 JavaThread "Exec Default Executor" daemon [_thread_in_native, id=12860, stack(0x000000001cbb0000,0x000000001ccb0000)]
  0x0000000019b5d000 JavaThread "Service Thread" daemon [_thread_blocked, id=18748, stack(0x000000001a6a0000,0x000000001a7a0000)]
  0x0000000019ae1000 JavaThread "C1 CompilerThread3" daemon [_thread_blocked, id=8772, stack(0x000000001a5a0000,0x000000001a6a0000)]
=>0x0000000019ad7000 JavaThread "C2 CompilerThread2" daemon [_thread_in_native, id=13488, stack(0x000000001a4a0000,0x000000001a5a0000)]
  0x0000000019ad2000 JavaThread "C2 CompilerThread1" daemon [_thread_blocked, id=5860, stack(0x000000001a3a0000,0x000000001a4a0000)]
  0x0000000019acd800 JavaThread "C2 CompilerThread0" daemon [_thread_blocked, id=18384, stack(0x000000001a2a0000,0x000000001a3a0000)]
  0x0000000019acb000 JavaThread "Attach Listener" daemon [_thread_blocked, id=17944, stack(0x000000001a1a0000,0x000000001a2a0000)]
  0x0000000019aca000 JavaThread "Signal Dispatcher" daemon [_thread_blocked, id=16396, stack(0x000000001a0a0000,0x000000001a1a0000)]
  0x0000000019ac0800 JavaThread "Finalizer" daemon [_thread_blocked, id=12208, stack(0x0000000019ea0000,0x0000000019fa0000)]
  0x0000000002bf8000 JavaThread "Reference Handler" daemon [_thread_blocked, id=6508, stack(0x00000000199a0000,0x0000000019aa0000)]
  0x0000000002b03800 JavaThread "main" [_thread_blocked, id=17616, stack(0x00000000029a0000,0x0000000002aa0000)]

Other Threads:
  0x0000000017ba9800 VMThread [stack: 0x00000000198a0000,0x00000000199a0000] [id=17272]
  0x0000000019b80800 WatcherThread [stack: 0x000000001a7a0000,0x000000001a8a0000] [id=10224]

VM state:not at safepoint (normal execution)

VM Mutex/Monitor currently owned by a thread: None

Heap:
 PSYoungGen      total 38400K, used 37197K [0x00000000d5d00000, 0x00000000d8780000, 0x0000000100000000)
  eden space 33280K, 96% used [0x00000000d5d00000,0x00000000d7c59610,0x00000000d7d80000)
  from space 5120K, 99% used [0x00000000d7d80000,0x00000000d827a050,0x00000000d8280000)
  to   space 5120K, 0% used [0x00000000d8280000,0x00000000d8280000,0x00000000d8780000)
 ParOldGen       total 87552K, used 2196K [0x0000000081600000, 0x0000000086b80000, 0x00000000d5d00000)
  object space 87552K, 2% used [0x0000000081600000,0x0000000081825280,0x0000000086b80000)
 Metaspace       used 18322K, capacity 19156K, committed 19456K, reserved 1067008K
  class space    used 2302K, capacity 2514K, committed 2560K, reserved 1048576K

Card table byte_map: [0x0000000011fc0000,0x00000000123c0000] byte_map_base: 0x0000000011bb5000

Marking Bits: (ParMarkBitMap*) 0x0000000065002d00
 Begin Bits: [0x0000000012e70000, 0x0000000014e18000)
 End Bits:   [0x0000000014e18000, 0x0000000016dc0000)

Polling page: 0x0000000002940000

CodeCache: size=245760Kb used=5596Kb max_used=5611Kb free=240163Kb
 bounds [0x0000000002c00000, 0x0000000003180000, 0x0000000011c00000]
 total_blobs=2129 nmethods=1691 adapters=350
 compilation: enabled

Compilation events (10 events):
Event: 14.335 Thread 0x0000000019ae1000 1663       3       java.util.Calendar::internalGet (7 bytes)
Event: 14.335 Thread 0x0000000019ae1000 nmethod 1663 0x000000000316add0 code [0x000000000316af20, 0x000000000316b090]
Event: 14.336 Thread 0x0000000019ae1000 1664       3       java.util.Formatter$Flags::<init> (10 bytes)
Event: 14.336 Thread 0x0000000019ae1000 nmethod 1664 0x000000000316aa10 code [0x000000000316ab60, 0x000000000316ad10]
Event: 14.336 Thread 0x0000000019ae1000 1665   !   3       java.io.PrintWriter::write (58 bytes)
Event: 14.336 Thread 0x0000000019ae1000 nmethod 1665 0x0000000003169dd0 code [0x0000000003169f80, 0x000000000316a628]
Event: 14.336 Thread 0x0000000019ae1000 1666       3       java.util.Formatter$FormatSpecifier::<init> (246 bytes)
Event: 14.337 Thread 0x0000000019acd800 1669       4       java.text.StringCharacterIterator::next (46 bytes)
Event: 14.337 Thread 0x0000000019ae1000 nmethod 1666 0x000000000316b8d0 code [0x000000000316bc00, 0x000000000316ced8]
Event: 14.337 Thread 0x0000000019ae1000 1667   !   3       java.util.Formatter$FormatSpecifier::index (53 bytes)

GC Heap History (2 events):
Event: 1.046 GC heap before
{Heap before GC invocations=1 (full 0):
 PSYoungGen      total 38400K, used 33280K [0x00000000d5d00000, 0x00000000d8780000, 0x0000000100000000)
  eden space 33280K, 100% used [0x00000000d5d00000,0x00000000d7d80000,0x00000000d7d80000)
  from space 5120K, 0% used [0x00000000d8280000,0x00000000d8280000,0x00000000d8780000)
  to   space 5120K, 0% used [0x00000000d7d80000,0x00000000d7d80000,0x00000000d8280000)
 ParOldGen       total 87552K, used 0K [0x0000000081600000, 0x0000000086b80000, 0x00000000d5d00000)
  object space 87552K, 0% used [0x0000000081600000,0x0000000081600000,0x0000000086b80000)
 Metaspace       used 13534K, capacity 13846K, committed 14080K, reserved 1060864K
  class space    used 1605K, capacity 1715K, committed 1792K, reserved 1048576K
Event: 1.052 GC heap after
Heap after GC invocations=1 (full 0):
 PSYoungGen      total 38400K, used 5096K [0x00000000d5d00000, 0x00000000d8780000, 0x0000000100000000)
  eden space 33280K, 0% used [0x00000000d5d00000,0x00000000d5d00000,0x00000000d7d80000)
  from space 5120K, 99% used [0x00000000d7d80000,0x00000000d827a050,0x00000000d8280000)
  to   space 5120K, 0% used [0x00000000d8280000,0x00000000d8280000,0x00000000d8780000)
 ParOldGen       total 87552K, used 2196K [0x0000000081600000, 0x0000000086b80000, 0x00000000d5d00000)
  object space 87552K, 2% used [0x0000000081600000,0x0000000081825280,0x0000000086b80000)
 Metaspace       used 13534K, capacity 13846K, committed 14080K, reserved 1060864K
  class space    used 1605K, capacity 1715K, committed 1792K, reserved 1048576K
}

Deoptimization events (10 events):
Event: 2.291 Thread 0x0000000002b03800 Uncommon trap: reason=class_check action=maybe_recompile pc=0x00000000030077c4 method=java.util.regex.Matcher.search(I)Z @ 86
Event: 2.291 Thread 0x0000000002b03800 Uncommon trap: reason=class_check action=maybe_recompile pc=0x00000000030077c4 method=java.util.regex.Matcher.search(I)Z @ 86
Event: 2.291 Thread 0x0000000002b03800 Uncommon trap: reason=class_check action=maybe_recompile pc=0x00000000030077c4 method=java.util.regex.Matcher.search(I)Z @ 86
Event: 2.291 Thread 0x0000000002b03800 Uncommon trap: reason=class_check action=maybe_recompile pc=0x0000000002fb9634 method=java.util.regex.Pattern$Curly.match(Ljava/util/regex/Matcher;ILjava/lang/CharSequence;)Z @ 19
Event: 2.298 Thread 0x0000000002b03800 Uncommon trap: reason=class_check action=maybe_recompile pc=0x0000000002fb9634 method=java.util.regex.Pattern$Curly.match(Ljava/util/regex/Matcher;ILjava/lang/CharSequence;)Z @ 19
Event: 2.298 Thread 0x0000000002b03800 Uncommon trap: reason=class_check action=maybe_recompile pc=0x0000000002fb9634 method=java.util.regex.Pattern$Curly.match(Ljava/util/regex/Matcher;ILjava/lang/CharSequence;)Z @ 19
Event: 2.340 Thread 0x0000000002b03800 Uncommon trap: reason=unstable_if action=reinterpret pc=0x0000000002f25adc method=java.util.regex.Pattern$BmpCharProperty.match(Ljava/util/regex/Matcher;ILjava/lang/CharSequence;)Z @ 34
Event: 14.290 Thread 0x0000000002b03800 Uncommon trap: reason=unstable_if action=reinterpret pc=0x000000000311c924 method=java.util.concurrent.ConcurrentHashMap.putVal(Ljava/lang/Object;Ljava/lang/Object;Z)Ljava/lang/Object; @ 206
Event: 14.309 Thread 0x0000000002b03800 Uncommon trap: reason=unstable_if action=reinterpret pc=0x0000000003143750 method=java.util.regex.Pattern.inRange(III)Z @ 7
Event: 14.309 Thread 0x0000000002b03800 Uncommon trap: reason=unstable_if action=reinterpret pc=0x000000000313cf60 method=java.util.regex.Pattern.inRange(III)Z @ 7

Classes redefined (0 events):
No events

Internal exceptions (10 events):
Event: 2.210 Thread 0x0000000002b03800 Exception <a 'java/lang/NoSuchMethodError': java.lang.Object.lambda$or$2(Ljava/util/function/Predicate;Ljava/lang/Object;)Z> (0x00000000d630f4d8) thrown at [C:\re\workspace\8-2-build-windows-amd64-cygwin\jdk8u181\11358\hotspot\src\share\vm\interpreter\lin
Event: 2.254 Thread 0x0000000002b03800 Exception <a 'java/lang/NoSuchMethodError': java.lang.Object.lambda$chars$0()Ljava/util/Spliterator$OfInt;> (0x00000000d66350d8) thrown at [C:\re\workspace\8-2-build-windows-amd64-cygwin\jdk8u181\11358\hotspot\src\share\vm\interpreter\linkResolver.cpp, li
Event: 6.524 Thread 0x0000000002b03800 Exception <a 'java/lang/NoSuchMethodError': java.lang.Object.lambda$getResponseFunction$0(Lorg/openqa/selenium/remote/InitialHandshakeResponse;)Lorg/openqa/selenium/remote/ProtocolHandshake$Result;> (0x00000000d704e578) thrown at [C:\re\workspace\8-2-buil
Event: 6.558 Thread 0x0000000002b03800 Exception <a 'java/net/SocketTimeoutException': Read timed out> (0x00000000d718fb68) thrown at [C:\re\workspace\8-2-build-windows-amd64-cygwin\jdk8u181\11358\hotspot\src\share\vm\prims\jni.cpp, line 735]
Event: 11.435 Thread 0x000000001afd5000 Exception <a 'java/net/SocketTimeoutException': connect timed out> (0x00000000d621b9a0) thrown at [C:\re\workspace\8-2-build-windows-amd64-cygwin\jdk8u181\11358\hotspot\src\share\vm\prims\jni.cpp, line 735]
Event: 11.953 Thread 0x000000001afd5000 Exception <a 'java/net/SocketTimeoutException': connect timed out> (0x00000000d621ce28) thrown at [C:\re\workspace\8-2-build-windows-amd64-cygwin\jdk8u181\11358\hotspot\src\share\vm\prims\jni.cpp, line 735]
Event: 12.489 Thread 0x000000001afd5000 Exception <a 'java/net/SocketTimeoutException': connect timed out> (0x00000000d621e2b0) thrown at [C:\re\workspace\8-2-build-windows-amd64-cygwin\jdk8u181\11358\hotspot\src\share\vm\prims\jni.cpp, line 735]
Event: 13.038 Thread 0x000000001afd5000 Exception <a 'java/net/SocketTimeoutException': connect timed out> (0x00000000d621f738) thrown at [C:\re\workspace\8-2-build-windows-amd64-cygwin\jdk8u181\11358\hotspot\src\share\vm\prims\jni.cpp, line 735]
Event: 14.267 Thread 0x0000000002b03800 Exception <a 'java/lang/NoSuchMethodError': java.lang.Object.lambda$comparing$77a9974f$1(Ljava/util/function/Function;Ljava/lang/Object;Ljava/lang/Object;)I> (0x00000000d7663db0) thrown at [C:\re\workspace\8-2-build-windows-amd64-cygwin\jdk8u181\11358\hot
Event: 14.270 Thread 0x0000000002b03800 Exception <a 'java/lang/reflect/InvocationTargetException'> (0x00000000d768cb20) thrown at [C:\re\workspace\8-2-build-windows-amd64-cygwin\jdk8u181\11358\hotspot\src\share\vm\runtime\reflection.cpp, line 1092]

Events (10 events):
Event: 14.335 loading class org/testng/reporters/JUnitReportReporter$TestTag
Event: 14.335 loading class org/testng/reporters/JUnitReportReporter$TestTag done
Event: 14.336 loading class java/text/DontCareFieldPosition
Event: 14.336 loading class java/text/DontCareFieldPosition done
Event: 14.336 loading class java/text/DontCareFieldPosition$1
Event: 14.336 loading class java/text/DontCareFieldPosition$1 done
Event: 14.336 loading class java/text/DigitList$1
Event: 14.336 loading class java/text/DigitList$1 done
Event: 14.336 loading class java/text/NumberFormat$Field
Event: 14.336 loading class java/text/NumberFormat$Field done


Dynamic libraries:
0x00007ff6ab330000 - 0x00007ff6ab367000 	C:\Program Files\Java\jdk1.8.0_181\bin\javaw.exe
0x00007ff9de870000 - 0x00007ff9dea65000 	C:\WINDOWS\SYSTEM32\ntdll.dll
0x00007ff9dd500000 - 0x00007ff9dd5be000 	C:\WINDOWS\System32\KERNEL32.DLL
0x00007ff9dc590000 - 0x00007ff9dc858000 	C:\WINDOWS\System32\KERNELBASE.dll
0x00007ff9dd5c0000 - 0x00007ff9dd66c000 	C:\WINDOWS\System32\ADVAPI32.dll
0x00007ff9ddaa0000 - 0x00007ff9ddb3e000 	C:\WINDOWS\System32\msvcrt.dll
0x00007ff9de5c0000 - 0x00007ff9de65b000 	C:\WINDOWS\System32\sechost.dll
0x00007ff9dd680000 - 0x00007ff9dd7aa000 	C:\WINDOWS\System32\RPCRT4.dll
0x00007ff9de410000 - 0x00007ff9de5b1000 	C:\WINDOWS\System32\USER32.dll
0x00007ff9dc890000 - 0x00007ff9dc8b2000 	C:\WINDOWS\System32\win32u.dll
0x00007ff9de660000 - 0x00007ff9de68b000 	C:\WINDOWS\System32\GDI32.dll
0x00007ff9dc080000 - 0x00007ff9dc18b000 	C:\WINDOWS\System32\gdi32full.dll
0x00007ff9dc240000 - 0x00007ff9dc2dd000 	C:\WINDOWS\System32\msvcp_win.dll
0x00007ff9dc490000 - 0x00007ff9dc590000 	C:\WINDOWS\System32\ucrtbase.dll
0x00007ff9bda10000 - 0x00007ff9bdcaa000 	C:\WINDOWS\WinSxS\amd64_microsoft.windows.common-controls_6595b64144ccf1df_6.0.19041.1110_none_60b5254171f9507e\COMCTL32.dll
0x00007ff9de690000 - 0x00007ff9de6c0000 	C:\WINDOWS\System32\IMM32.DLL
0x0000000065090000 - 0x0000000065162000 	C:\Program Files\Java\jdk1.8.0_181\jre\bin\msvcr100.dll
0x00000000647e0000 - 0x0000000065082000 	C:\Program Files\Java\jdk1.8.0_181\jre\bin\server\jvm.dll
0x00007ff9de400000 - 0x00007ff9de408000 	C:\WINDOWS\System32\PSAPI.DLL
0x00007ff9d7740000 - 0x00007ff9d7749000 	C:\WINDOWS\SYSTEM32\WSOCK32.dll
0x00007ff9d6a40000 - 0x00007ff9d6a4a000 	C:\WINDOWS\SYSTEM32\VERSION.dll
0x00007ff9b1f80000 - 0x00007ff9b1fa7000 	C:\WINDOWS\SYSTEM32\WINMM.dll
0x00007ff9dcbd0000 - 0x00007ff9dcc3b000 	C:\WINDOWS\System32\WS2_32.dll
0x00000000647d0000 - 0x00000000647df000 	C:\Program Files\Java\jdk1.8.0_181\jre\bin\verify.dll
0x00000000647a0000 - 0x00000000647c9000 	C:\Program Files\Java\jdk1.8.0_181\jre\bin\java.dll
0x0000000064780000 - 0x0000000064796000 	C:\Program Files\Java\jdk1.8.0_181\jre\bin\zip.dll
0x00007ff9ddb40000 - 0x00007ff9de27f000 	C:\WINDOWS\System32\SHELL32.dll
0x00007ff9d9e60000 - 0x00007ff9da5f0000 	C:\WINDOWS\SYSTEM32\windows.storage.dll
0x00007ff9dd1a0000 - 0x00007ff9dd4f5000 	C:\WINDOWS\System32\combase.dll
0x00007ff9db910000 - 0x00007ff9db93e000 	C:\WINDOWS\SYSTEM32\Wldp.dll
0x00007ff9de6c0000 - 0x00007ff9de76d000 	C:\WINDOWS\System32\SHCORE.dll
0x00007ff9de7d0000 - 0x00007ff9de825000 	C:\WINDOWS\System32\shlwapi.dll
0x00007ff9dbed0000 - 0x00007ff9dbeef000 	C:\WINDOWS\SYSTEM32\profapi.dll
0x0000000064760000 - 0x000000006477a000 	C:\Program Files\Java\jdk1.8.0_181\jre\bin\net.dll
0x00007ff9db670000 - 0x00007ff9db6da000 	C:\WINDOWS\system32\mswsock.dll
0x00007ff9db3a0000 - 0x00007ff9db46b000 	C:\WINDOWS\SYSTEM32\DNSAPI.dll
0x00007ff9db360000 - 0x00007ff9db39b000 	C:\WINDOWS\SYSTEM32\IPHLPAPI.DLL
0x00007ff9dd670000 - 0x00007ff9dd678000 	C:\WINDOWS\System32\NSI.dll
0x00007ff9d2e00000 - 0x00007ff9d2e0a000 	C:\Windows\System32\rasadhlp.dll
0x00007ff9d3010000 - 0x00007ff9d308f000 	C:\WINDOWS\System32\fwpuclnt.dll
0x00007ff9dc860000 - 0x00007ff9dc887000 	C:\WINDOWS\System32\bcrypt.dll
0x00007ff9db860000 - 0x00007ff9db878000 	C:\WINDOWS\SYSTEM32\CRYPTSP.dll
0x00007ff9daff0000 - 0x00007ff9db024000 	C:\WINDOWS\system32\rsaenh.dll
0x00007ff9dbe90000 - 0x00007ff9dbebe000 	C:\WINDOWS\SYSTEM32\USERENV.dll
0x00007ff9dbff0000 - 0x00007ff9dc073000 	C:\WINDOWS\System32\bcryptprimitives.dll
0x00007ff9db880000 - 0x00007ff9db88c000 	C:\WINDOWS\SYSTEM32\CRYPTBASE.dll
0x00007ff9d5c40000 - 0x00007ff9d5c57000 	C:\WINDOWS\SYSTEM32\dhcpcsvc6.DLL
0x00007ff9d60a0000 - 0x00007ff9d60bd000 	C:\WINDOWS\SYSTEM32\dhcpcsvc.DLL
0x0000000064740000 - 0x0000000064751000 	C:\Program Files\Java\jdk1.8.0_181\jre\bin\nio.dll
0x0000000064710000 - 0x0000000064734000 	C:\Program Files\Java\jdk1.8.0_181\jre\bin\sunec.dll
0x0000000064700000 - 0x000000006470b000 	C:\Program Files\Java\jdk1.8.0_181\jre\bin\sunmscapi.dll
0x00007ff9dc2e0000 - 0x00007ff9dc436000 	C:\WINDOWS\System32\CRYPT32.dll
0x00007ff9d4be0000 - 0x00007ff9d4bf7000 	C:\WINDOWS\system32\napinsp.dll
0x00007ff9cc860000 - 0x00007ff9cc87b000 	C:\WINDOWS\system32\pnrpnsp.dll
0x00007ff9c6320000 - 0x00007ff9c6335000 	C:\WINDOWS\system32\wshbth.dll
0x00007ff9d6760000 - 0x00007ff9d677d000 	C:\WINDOWS\system32\NLAapi.dll
0x00007ff9c6220000 - 0x00007ff9c6232000 	C:\WINDOWS\System32\winrnr.dll

VM Arguments:
jvm_args: -ea -Dfile.encoding=Cp1252 
java_command: org.testng.remote.RemoteTestNG -serport 56905 -protocol json -d C:\Users\91917\eclipse-workspace\TConcepts\test-output C:\Users\91917\AppData\Local\Temp\testng-eclipse-923400329\testng-customsuite.xml
java_class_path (initial): C:\Users\91917\eclipse\java-2018-092\eclipse\configuration\org.eclipse.osgi\527\0\.cp\lib\testng-remote.jar;C:\Users\91917\eclipse-workspace\TConcepts\target\test-classes;C:\Users\91917\eclipse-workspace\TConcepts\target\classes;C:\Users\91917\.m2\repository\junit\junit\3.8.1\junit-3.8.1.jar;C:\Users\91917\.m2\repository\org\testng\testng\7.0.0\testng-7.0.0.jar;C:\Users\91917\.m2\repository\com\beust\jcommander\1.72\jcommander-1.72.jar;C:\Users\91917\.m2\repository\org\seleniumhq\selenium\selenium-java\3.141.59\selenium-java-3.141.59.jar;C:\Users\91917\.m2\repository\org\seleniumhq\selenium\selenium-api\3.141.59\selenium-api-3.141.59.jar;C:\Users\91917\.m2\repository\org\seleniumhq\selenium\selenium-chrome-driver\3.141.59\selenium-chrome-driver-3.141.59.jar;C:\Users\91917\.m2\repository\org\seleniumhq\selenium\selenium-edge-driver\3.141.59\selenium-edge-driver-3.141.59.jar;C:\Users\91917\.m2\repository\org\seleniumhq\selenium\selenium-firefox-driver\3.141.59\selenium-firefox-driver-3.141.59.jar;C:\Users\91917\.m2\repository\org\seleniumhq\selenium\selenium-ie-driver\3.141.59\selenium-ie-driver-3.141.59.jar;C:\Users\91917\.m2\repository\org\seleniumhq\selenium\selenium-opera-driver\3.141.59\selenium-opera-driver-3.141.59.jar;C:\Users\91917\.m2\repository\org\seleniumhq\selenium\selenium-remote-driver\3.141.59\selenium-remote-driver-3.141.59.jar;C:\Users\91917\.m2\repository\org\seleniumhq\selenium\selenium-safari-driver\3.141.59\selenium-safari-driver-3.141.59.jar;C:\Users\91917\.m2\repository\org\seleniumhq\selenium\selenium-support\3.141.59\selenium-support-3.141.59.jar;C:\Users\91917\.m2\repository\net\bytebuddy\byte-buddy\1.8.15\byte-buddy-1.8.15.jar;C:\Users\91917\.m2\repository\org\apache\commons\commons-exec\1.3\commons-exec-1.3.jar;C:\Users\91917\.m2\repository\com\google\guava\guava\25.0-jre\guava-25.0-jre.jar;C:\Users\91917\.m2\repository\com\google\code\findbugs\jsr305\1.3.9\jsr305-1.3.9.jar;C:\Users\91917\.m2\repository\org\ch
Launcher Type: SUN_STANDARD

Environment Variables:
JAVA_HOME=C:\Program Files\Java\jdk1.8.0_181
PATH=C:/Program Files/Java/jre1.8.0_181/bin/server;C:/Program Files/Java/jre1.8.0_181/bin;C:/Program Files/Java/jre1.8.0_181/lib/amd64;C:\Python310\Scripts\;C:\Python310\;C:\app\91917\product\18.0.0\dbhomeXE\bin;C:\Users\91917\Downloads\WINDOWS.X64_193000_db_home\bin;C:\Program Files (x86)\Common Files\Oracle\Java\javapath;C:\WINDOWS\system32;C:\WINDOWS;C:\WINDOWS\System32\Wbem;C:\WINDOWS\System32\WindowsPowerShell\v1.0\;C:\WINDOWS\System32\OpenSSH\;C:\Program Files\Java\jdk1.8.0_181\bin;C:\Maven\bin;C:\Users\91917\AppData\Local\Android\Sdk\platform-tools;C:\Users\91917\AppData\Local\Android\Sdk\tools;C:\Users\91917\AppData\Local\Android\Sdk\tools\bin;C:\Program Files\Microsoft SQL Server\Client SDK\ODBC\170\Tools\Binn\;C:\Program Files (x86)\Microsoft SQL Server\150\Tools\Binn\;C:\Program Files\Microsoft SQL Server\150\Tools\Binn\;C:\Program Files\Microsoft SQL Server\150\DTS\Binn\;C:\gradle-6.5.1\bin;C:\Users\91917\AppData\Local\Programs\Python\Python39\Scripts;C:\Program Files\Git\cmd;C:\Program Files\nodejs\;C:\ProgramData\chocolatey\bin;C:\Users\91917\AppData\Local\Microsoft\WindowsApps;C:\Users\91917\AppData\Roaming\npm;C:\WINDOWS\system32;
USERNAME=91917
OS=Windows_NT
PROCESSOR_IDENTIFIER=Intel64 Family 6 Model 142 Stepping 10, GenuineIntel



---------------  S Y S T E M  ---------------

OS: Windows 10.0 , 64 bit Build 19041 (10.0.19041.1348)

CPU:total 8 (initial active 8) (4 cores per cpu, 2 threads per core) family 6 model 142 stepping 10, cmov, cx8, fxsr, mmx, sse, sse2, sse3, ssse3, sse4.1, sse4.2, popcnt, avx, avx2, aes, clmul, erms, 3dnowpref, lzcnt, ht, tsc, tscinvbit, bmi1, bmi2, adx

Memory: 4k page, physical 8295652k(689388k free), swap 13382884k(31908k free)

vm_info: Java HotSpot(TM) 64-Bit Server VM (25.181-b13) for windows-amd64 JRE (1.8.0_181-b13), built on Jul  7 2018 04:01:33 by "java_re" with MS VC++ 10.0 (VS2010)

time: Mon Nov 22 18:21:44 2021
elapsed time: 14 seconds (0d 0h 0m 14s)

